<?xml version="1.0" encoding="UTF-8"?>
<!-- Generated by org.testng.reporters.JUnitXMLReporter -->
<testsuite ignored="0" hostname="DESKTOP-O56PHRM" failures="1" tests="2" name="Negative Test Cases" time="25.876" errors="0" timestamp="2025-12-30T11:24:07 IST">
  <testcase classname="kaushalBhalgamiaAcademy.Tests.ErrorValidationTest" name="invalidProductValidation" time="14.368"/>
  <testcase classname="kaushalBhalgamiaAcademy.Tests.ErrorValidationTest" name="loginInvalidPasswordValidation" time="2.096">
    <failure type="java.lang.AssertionError" message="expected [Incorrect email  password.] but found [Incorrect email or password.]">
      <![CDATA[java.lang.AssertionError: expected [Incorrect email  password.] but found [Incorrect email or password.]
at kaushalBhalgamiaAcademy.Tests.ErrorValidationTest.loginInvalidPasswordValidation(ErrorValidationTest.java:22)
at java.base/java.util.ArrayList.forEach(ArrayList.java:1596)
at java.base/java.util.concurrent.FutureTask.run(FutureTask.java:317)
at java.base/java.util.concurrent.ThreadPoolExecutor.runWorker(ThreadPoolExecutor.java:1144)
at java.base/java.util.concurrent.ThreadPoolExecutor$Worker.run(ThreadPoolExecutor.java:642)
at java.base/java.lang.Thread.run(Thread.java:1583)
... Removed 21 stack frames]]>
    </failure>
  </testcase> <!-- loginInvalidPasswordValidation -->
</testsuite> <!-- Negative Test Cases -->
