<?xml version="1.0" encoding="UTF-8"?>
<!-- Generated by org.testng.reporters.JUnitXMLReporter -->
<testsuite ignored="0" hostname="DESKTOP-O56PHRM" failures="0" tests="2" name="Posetive Test Cases" time="16.84" errors="0" timestamp="2025-12-28T11:40:48 IST">
  <testcase classname="kaushalBhalgamiaAcademy.Tests.standAloneTest" name="submitOrder" time="10.245"/>
  <testcase classname="kaushalBhalgamiaAcademy.Tests.standAloneTest" name="verifyOrderPlaced" time="0.95"/>
</testsuite> <!-- Posetive Test Cases -->
