<?xml version="1.0" encoding="UTF-8"?>
<!-- Generated by org.testng.reporters.JUnitXMLReporter -->
<testsuite ignored="0" hostname="DESKTOP-O56PHRM" failures="0" tests="4" name="Positive Test Cases" time="44.841" errors="0" timestamp="2025-12-30T11:24:25 IST">
  <testcase classname="kaushalBhalgamiaAcademy.Tests.standAloneTest" name="submitOrder" time="18.777"/>
  <testcase classname="kaushalBhalgamiaAcademy.Tests.standAloneTest" name="submitOrder" time="10.734"/>
  <testcase classname="kaushalBhalgamiaAcademy.Tests.standAloneTest" name="verifyOrderPlaced" time="1.114"/>
  <testcase classname="kaushalBhalgamiaAcademy.Tests.standAloneTest" name="verifyOrderPlaced" time="0.97"/>
</testsuite> <!-- Positive Test Cases -->
