<?xml version="1.0" encoding="UTF-8"?>
<!-- Generated by org.testng.reporters.JUnitXMLReporter -->
<testsuite ignored="3" hostname="DESKTOP-O56PHRM" failures="1" tests="1" name="Test" time="0.075" errors="0" timestamp="2025-12-28T11:52:36 IST">
  <testcase classname="kaushalBhalgamiaAcademy.Tests.ErrorValidationTest" name="loginInvalidPasswordValidation" time="0.016">
    <failure type="java.lang.NullPointerException" message="Cannot invoke &amp;quot;kaushalBhalgamiaAcademy.PageObject.LandingPage.loginApplication(String, String)&amp;quot; because &amp;quot;this.landingPage&amp;quot; is null">
      <![CDATA[java.lang.NullPointerException: Cannot invoke "kaushalBhalgamiaAcademy.PageObject.LandingPage.loginApplication(String, String)" because "this.landingPage" is null
at kaushalBhalgamiaAcademy.Tests.ErrorValidationTest.loginInvalidPasswordValidation(ErrorValidationTest.java:16)
at java.base/java.util.ArrayList.forEach(ArrayList.java:1596)
... Removed 25 stack frames]]>
    </failure>
  </testcase> <!-- loginInvalidPasswordValidation -->
  <testcase classname="kaushalBhalgamiaAcademy.Tests.standAloneTest" name="submitOrder" time="0.0">
    <ignored/>
  </testcase> <!-- submitOrder -->
  <testcase classname="kaushalBhalgamiaAcademy.Tests.ErrorValidationTest" name="invalidProductValidation" time="0.0">
    <ignored/>
  </testcase> <!-- invalidProductValidation -->
  <testcase classname="kaushalBhalgamiaAcademy.Tests.standAloneTest" name="verifyOrderPlaced" time="0.0">
    <ignored/>
  </testcase> <!-- verifyOrderPlaced -->
</testsuite> <!-- Test -->
