<?xml version="1.0" encoding="UTF-8"?>
<!-- Generated by org.testng.reporters.JUnitXMLReporter -->
<testsuite ignored="0" hostname="DESKTOP-O56PHRM" failures="0" tests="2" name="Negative Test Cases" time="1.153" errors="0" timestamp="2025-12-31T13:02:12 IST">
  <testcase classname="kaushalBhalgamiaAcademy.TestComponents.BaseTest" name="@BeforeMethod launchApplication" time="0.076">
    <failure type="java.lang.RuntimeException" message="Browser is not supported or spelled incorrectly: $Browser Name">
      <![CDATA[java.lang.RuntimeException: Browser is not supported or spelled incorrectly: $Browser Name
at kaushalBhalgamiaAcademy.TestComponents.BaseTest.initializeDriver(BaseTest.java:58)
at kaushalBhalgamiaAcademy.TestComponents.BaseTest.launchApplication(BaseTest.java:67)
at java.base/java.util.ArrayList.forEach(ArrayList.java:1596)
at java.base/java.util.concurrent.FutureTask.run(FutureTask.java:317)
at java.base/java.util.concurrent.ThreadPoolExecutor.runWorker(ThreadPoolExecutor.java:1144)
at java.base/java.util.concurrent.ThreadPoolExecutor$Worker.run(ThreadPoolExecutor.java:642)
at java.base/java.lang.Thread.run(Thread.java:1583)
... Removed 19 stack frames]]>
    </failure>
  </testcase> <!-- @BeforeMethod launchApplication -->
  <testcase classname="kaushalBhalgamiaAcademy.TestComponents.BaseTest" name="@AfterMethod closeBrowser" time="0.012">
    <failure type="java.lang.NullPointerException" message="Cannot invoke &amp;quot;org.openqa.selenium.WebDriver.close()&amp;quot; because &amp;quot;this.driver&amp;quot; is null">
      <![CDATA[java.lang.NullPointerException: Cannot invoke "org.openqa.selenium.WebDriver.close()" because "this.driver" is null
at kaushalBhalgamiaAcademy.TestComponents.BaseTest.closeBrowser(BaseTest.java:75)
at java.base/java.util.ArrayList.forEach(ArrayList.java:1596)
at java.base/java.util.concurrent.FutureTask.run(FutureTask.java:317)
at java.base/java.util.concurrent.ThreadPoolExecutor.runWorker(ThreadPoolExecutor.java:1144)
at java.base/java.util.concurrent.ThreadPoolExecutor$Worker.run(ThreadPoolExecutor.java:642)
at java.base/java.lang.Thread.run(Thread.java:1583)
... Removed 20 stack frames]]>
    </failure>
  </testcase> <!-- @AfterMethod closeBrowser -->
  <testcase classname="kaushalBhalgamiaAcademy.TestComponents.BaseTest" name="@BeforeMethod launchApplication" time="0.002">
    <failure type="java.lang.RuntimeException" message="Browser is not supported or spelled incorrectly: $Browser Name">
      <![CDATA[java.lang.RuntimeException: Browser is not supported or spelled incorrectly: $Browser Name
at kaushalBhalgamiaAcademy.TestComponents.BaseTest.initializeDriver(BaseTest.java:58)
at kaushalBhalgamiaAcademy.TestComponents.BaseTest.launchApplication(BaseTest.java:67)
at java.base/java.util.ArrayList.forEach(ArrayList.java:1596)
at java.base/java.util.concurrent.FutureTask.run(FutureTask.java:317)
at java.base/java.util.concurrent.ThreadPoolExecutor.runWorker(ThreadPoolExecutor.java:1144)
at java.base/java.util.concurrent.ThreadPoolExecutor$Worker.run(ThreadPoolExecutor.java:642)
at java.base/java.lang.Thread.run(Thread.java:1583)
... Removed 19 stack frames]]>
    </failure>
  </testcase> <!-- @BeforeMethod launchApplication -->
  <testcase classname="kaushalBhalgamiaAcademy.TestComponents.BaseTest" name="@AfterMethod closeBrowser" time="0.002">
    <failure type="java.lang.NullPointerException" message="Cannot invoke &amp;quot;org.openqa.selenium.WebDriver.close()&amp;quot; because &amp;quot;this.driver&amp;quot; is null">
      <![CDATA[java.lang.NullPointerException: Cannot invoke "org.openqa.selenium.WebDriver.close()" because "this.driver" is null
at kaushalBhalgamiaAcademy.TestComponents.BaseTest.closeBrowser(BaseTest.java:75)
at java.base/java.util.ArrayList.forEach(ArrayList.java:1596)
at java.base/java.util.concurrent.FutureTask.run(FutureTask.java:317)
at java.base/java.util.concurrent.ThreadPoolExecutor.runWorker(ThreadPoolExecutor.java:1144)
at java.base/java.util.concurrent.ThreadPoolExecutor$Worker.run(ThreadPoolExecutor.java:642)
at java.base/java.lang.Thread.run(Thread.java:1583)
... Removed 20 stack frames]]>
    </failure>
  </testcase> <!-- @AfterMethod closeBrowser -->
  <testcase classname="kaushalBhalgamiaAcademy.TestComponents.BaseTest" name="@BeforeMethod launchApplication" time="0.017">
    <failure type="java.lang.RuntimeException" message="Browser is not supported or spelled incorrectly: $Browser Name">
      <![CDATA[java.lang.RuntimeException: Browser is not supported or spelled incorrectly: $Browser Name
at kaushalBhalgamiaAcademy.TestComponents.BaseTest.initializeDriver(BaseTest.java:58)
at kaushalBhalgamiaAcademy.TestComponents.BaseTest.launchApplication(BaseTest.java:67)
at java.base/java.util.ArrayList.forEach(ArrayList.java:1596)
at java.base/java.util.concurrent.FutureTask.run(FutureTask.java:317)
at java.base/java.util.concurrent.ThreadPoolExecutor.runWorker(ThreadPoolExecutor.java:1144)
at java.base/java.util.concurrent.ThreadPoolExecutor$Worker.run(ThreadPoolExecutor.java:642)
at java.base/java.lang.Thread.run(Thread.java:1583)
... Removed 19 stack frames]]>
    </failure>
  </testcase> <!-- @BeforeMethod launchApplication -->
  <testcase classname="kaushalBhalgamiaAcademy.TestComponents.BaseTest" name="@AfterMethod closeBrowser" time="0.002">
    <failure type="java.lang.NullPointerException" message="Cannot invoke &amp;quot;org.openqa.selenium.WebDriver.close()&amp;quot; because &amp;quot;this.driver&amp;quot; is null">
      <![CDATA[java.lang.NullPointerException: Cannot invoke "org.openqa.selenium.WebDriver.close()" because "this.driver" is null
at kaushalBhalgamiaAcademy.TestComponents.BaseTest.closeBrowser(BaseTest.java:75)
at java.base/java.util.ArrayList.forEach(ArrayList.java:1596)
at java.base/java.util.concurrent.FutureTask.run(FutureTask.java:317)
at java.base/java.util.concurrent.ThreadPoolExecutor.runWorker(ThreadPoolExecutor.java:1144)
at java.base/java.util.concurrent.ThreadPoolExecutor$Worker.run(ThreadPoolExecutor.java:642)
at java.base/java.lang.Thread.run(Thread.java:1583)
... Removed 20 stack frames]]>
    </failure>
  </testcase> <!-- @AfterMethod closeBrowser -->
  <testcase classname="kaushalBhalgamiaAcademy.TestComponents.BaseTest" name="@BeforeMethod launchApplication" time="0.002">
    <failure type="java.lang.RuntimeException" message="Browser is not supported or spelled incorrectly: $Browser Name">
      <![CDATA[java.lang.RuntimeException: Browser is not supported or spelled incorrectly: $Browser Name
at kaushalBhalgamiaAcademy.TestComponents.BaseTest.initializeDriver(BaseTest.java:58)
at kaushalBhalgamiaAcademy.TestComponents.BaseTest.launchApplication(BaseTest.java:67)
at java.base/java.util.ArrayList.forEach(ArrayList.java:1596)
at java.base/java.util.concurrent.FutureTask.run(FutureTask.java:317)
at java.base/java.util.concurrent.ThreadPoolExecutor.runWorker(ThreadPoolExecutor.java:1144)
at java.base/java.util.concurrent.ThreadPoolExecutor$Worker.run(ThreadPoolExecutor.java:642)
at java.base/java.lang.Thread.run(Thread.java:1583)
... Removed 19 stack frames]]>
    </failure>
  </testcase> <!-- @BeforeMethod launchApplication -->
  <testcase classname="kaushalBhalgamiaAcademy.TestComponents.BaseTest" name="@AfterMethod closeBrowser" time="0.002">
    <failure type="java.lang.NullPointerException" message="Cannot invoke &amp;quot;org.openqa.selenium.WebDriver.close()&amp;quot; because &amp;quot;this.driver&amp;quot; is null">
      <![CDATA[java.lang.NullPointerException: Cannot invoke "org.openqa.selenium.WebDriver.close()" because "this.driver" is null
at kaushalBhalgamiaAcademy.TestComponents.BaseTest.closeBrowser(BaseTest.java:75)
at java.base/java.util.ArrayList.forEach(ArrayList.java:1596)
at java.base/java.util.concurrent.FutureTask.run(FutureTask.java:317)
at java.base/java.util.concurrent.ThreadPoolExecutor.runWorker(ThreadPoolExecutor.java:1144)
at java.base/java.util.concurrent.ThreadPoolExecutor$Worker.run(ThreadPoolExecutor.java:642)
at java.base/java.lang.Thread.run(Thread.java:1583)
... Removed 20 stack frames]]>
    </failure>
  </testcase> <!-- @AfterMethod closeBrowser -->
  <testcase classname="kaushalBhalgamiaAcademy.Tests.ErrorValidationTest" name="invalidProductValidation" time="0.01">
    <skipped/>
  </testcase> <!-- invalidProductValidation -->
  <testcase classname="kaushalBhalgamiaAcademy.Tests.ErrorValidationTest" name="loginInvalidPasswordValidation" time="0.0">
    <skipped/>
  </testcase> <!-- loginInvalidPasswordValidation -->
</testsuite> <!-- Negative Test Cases -->
