<?xml version="1.0" encoding="UTF-8"?>
<!-- Generated by org.testng.reporters.JUnitXMLReporter -->
<testsuite ignored="0" hostname="DESKTOP-O56PHRM" failures="0" tests="3" name="Positive Test Cases" time="1.491" errors="0" timestamp="2025-12-31T13:02:12 IST">
  <testcase classname="kaushalBhalgamiaAcademy.Tests.standAloneTest" name="submitOrder" time="0.0">
    <skipped/>
  </testcase> <!-- submitOrder -->
  <testcase classname="kaushalBhalgamiaAcademy.Tests.standAloneTest" name="submitOrder" time="0.002">
    <skipped/>
  </testcase> <!-- submitOrder -->
  <testcase classname="kaushalBhalgamiaAcademy.Tests.standAloneTest" name="verifyOrderPlaced" time="0.002">
    <skipped/>
  </testcase> <!-- verifyOrderPlaced -->
</testsuite> <!-- Positive Test Cases -->
