<!DOCTYPE html PUBLIC "-//W3C//DTD XHTML 1.1//EN" "https://www.w3.org/TR/xhtml11/DTD/xhtml11.dtd">
<html xmlns="https://www.w3.org/1999/xhtml">
<head>
<meta http-equiv="content-type" content="text/html; charset=UTF-8"/>
<title>TestNG Report</title>
<style type="text/css">table {margin-bottom:10px;border-collapse:collapse;empty-cells:show}th,td {border:1px solid #009;padding:.25em .5em}th {vertical-align:bottom}td {vertical-align:top}table a {font-weight:bold}.stripe td {background-color: #E6EBF9}.num {text-align:right}.passedodd td {background-color: #3F3}.passedeven td {background-color: #0A0}.skippedodd td {background-color: #DDD}.skippedeven td {background-color: #CCC}.failedodd td,.attn {background-color: #F33}.failedeven td,.stripe .attn {background-color: #D00}.stacktrace {white-space:pre;font-family:monospace}.totop {font-size:85%;text-align:center;border-bottom:2px solid #000}.invisible {display:none}</style>
</head>
<body>
<table>
<tr><th>Test</th><th># Passed</th><th># Skipped</th><th># Retried</th><th># Failed</th><th>Time (ms)</th><th>Included Groups</th><th>Excluded Groups</th></tr>
<tr><th colspan="8">Suite</th></tr>
<tr><td><a href="#t0">Negative Test Cases</a></td><td class="num">0</td><td class="num attn">2</td><td class="num">0</td><td class="num">0</td><td class="num">1,153</td><td></td><td></td></tr>
<tr class="stripe"><td><a href="#t1">Positive Test Cases</a></td><td class="num">0</td><td class="num attn">3</td><td class="num">0</td><td class="num">0</td><td class="num">1,491</td><td></td><td></td></tr>
<tr><th>Total</th><th class="num">0</th><th class="num attn">5</th><th class="num">0</th><th class="num">0</th><th class="num">2,644</th><th colspan="2"></th></tr>
</table>
<table id='summary'><thead><tr><th>Class</th><th>Method</th><th>Start</th><th>Time (ms)</th></tr></thead><tbody><tr><th colspan="4">Suite</th></tr></tbody><tbody id="t0"><tr><th colspan="4">Negative Test Cases &#8212; failed (configuration methods)</th></tr><tr class="failedeven"><td rowspan="4">kaushalBhalgamiaAcademy.Tests.ErrorValidationTest</td><td><a href="#m0">closeBrowser</a></td><td rowspan="2">1767166331114</td><td rowspan="2">12</td></tr><tr class="failedeven"><td><a href="#m1">closeBrowser</a></td></tr><tr class="failedeven"><td><a href="#m2">launchApplication</a></td><td rowspan="2">1767166330881</td><td rowspan="2">76</td></tr><tr class="failedeven"><td><a href="#m3">launchApplication</a></td></tr><tr><th colspan="4">Negative Test Cases &#8212; skipped</th></tr><tr class="skippedeven"><td rowspan="2">kaushalBhalgamiaAcademy.Tests.ErrorValidationTest</td><td><a href="#m4">invalidProductValidation</a></td><td rowspan="1">1767166331056</td><td rowspan="1">10</td></tr><tr class="skippedeven"><td><a href="#m5">loginInvalidPasswordValidation</a></td><td rowspan="1">1767166331150</td><td rowspan="1">0</td></tr></tbody>
<tbody id="t1"><tr><th colspan="4">Positive Test Cases &#8212; failed (configuration methods)</th></tr><tr class="failedeven"><td rowspan="4">kaushalBhalgamiaAcademy.Tests.standAloneTest</td><td><a href="#m6">closeBrowser</a></td><td rowspan="2">1767166331504</td><td rowspan="2">2</td></tr><tr class="failedeven"><td><a href="#m7">closeBrowser</a></td></tr><tr class="failedeven"><td><a href="#m8">launchApplication</a></td><td rowspan="2">1767166331475</td><td rowspan="2">17</td></tr><tr class="failedeven"><td><a href="#m9">launchApplication</a></td></tr><tr><th colspan="4">Positive Test Cases &#8212; skipped</th></tr><tr class="skippedeven"><td rowspan="3">kaushalBhalgamiaAcademy.Tests.standAloneTest</td><td><a href="#m10">submitOrder</a></td><td rowspan="2">1767166331500</td><td rowspan="2">0</td></tr><tr class="skippedeven"><td><a href="#m11">submitOrder</a></td></tr><tr class="skippedeven"><td><a href="#m12">verifyOrderPlaced</a></td><td rowspan="1">1767166331526</td><td rowspan="1">2</td></tr></tbody>
</table>
<h2>Negative Test Cases</h2><h3 id="m0">kaushalBhalgamiaAcademy.Tests.ErrorValidationTest#closeBrowser</h3><table class="result"><tr><th>Exception</th></tr><tr><td><div class="stacktrace">java.lang.NullPointerException: Cannot invoke &quot;org.openqa.selenium.WebDriver.close()&quot; because &quot;this.driver&quot; is null
	at kaushalBhalgamiaAcademy.TestComponents.BaseTest.closeBrowser(BaseTest.java:75)
	at java.base/java.util.ArrayList.forEach(ArrayList.java:1596)
	at java.base/java.util.concurrent.FutureTask.run(FutureTask.java:317)
	at java.base/java.util.concurrent.ThreadPoolExecutor.runWorker(ThreadPoolExecutor.java:1144)
	at java.base/java.util.concurrent.ThreadPoolExecutor$Worker.run(ThreadPoolExecutor.java:642)
	at java.base/java.lang.Thread.run(Thread.java:1583)
... Removed 20 stack frames</div></td></tr></table><p class="totop"><a href="#summary">back to summary</a></p>
<h3 id="m1">kaushalBhalgamiaAcademy.Tests.ErrorValidationTest#closeBrowser</h3><table class="result"><tr><th>Exception</th></tr><tr><td><div class="stacktrace">java.lang.NullPointerException: Cannot invoke &quot;org.openqa.selenium.WebDriver.close()&quot; because &quot;this.driver&quot; is null
	at kaushalBhalgamiaAcademy.TestComponents.BaseTest.closeBrowser(BaseTest.java:75)
	at java.base/java.util.ArrayList.forEach(ArrayList.java:1596)
	at java.base/java.util.concurrent.FutureTask.run(FutureTask.java:317)
	at java.base/java.util.concurrent.ThreadPoolExecutor.runWorker(ThreadPoolExecutor.java:1144)
	at java.base/java.util.concurrent.ThreadPoolExecutor$Worker.run(ThreadPoolExecutor.java:642)
	at java.base/java.lang.Thread.run(Thread.java:1583)
... Removed 20 stack frames</div></td></tr></table><p class="totop"><a href="#summary">back to summary</a></p>
<h3 id="m2">kaushalBhalgamiaAcademy.Tests.ErrorValidationTest#launchApplication</h3><table class="result"><tr><th>Exception</th></tr><tr><td><div class="stacktrace">java.lang.RuntimeException: Browser is not supported or spelled incorrectly: $Browser Name
	at kaushalBhalgamiaAcademy.TestComponents.BaseTest.initializeDriver(BaseTest.java:58)
	at kaushalBhalgamiaAcademy.TestComponents.BaseTest.launchApplication(BaseTest.java:67)
	at java.base/java.util.ArrayList.forEach(ArrayList.java:1596)
	at java.base/java.util.concurrent.FutureTask.run(FutureTask.java:317)
	at java.base/java.util.concurrent.ThreadPoolExecutor.runWorker(ThreadPoolExecutor.java:1144)
	at java.base/java.util.concurrent.ThreadPoolExecutor$Worker.run(ThreadPoolExecutor.java:642)
	at java.base/java.lang.Thread.run(Thread.java:1583)
... Removed 19 stack frames</div></td></tr></table><p class="totop"><a href="#summary">back to summary</a></p>
<h3 id="m3">kaushalBhalgamiaAcademy.Tests.ErrorValidationTest#launchApplication</h3><table class="result"><tr><th>Exception</th></tr><tr><td><div class="stacktrace">java.lang.RuntimeException: Browser is not supported or spelled incorrectly: $Browser Name
	at kaushalBhalgamiaAcademy.TestComponents.BaseTest.initializeDriver(BaseTest.java:58)
	at kaushalBhalgamiaAcademy.TestComponents.BaseTest.launchApplication(BaseTest.java:67)
	at java.base/java.util.ArrayList.forEach(ArrayList.java:1596)
	at java.base/java.util.concurrent.FutureTask.run(FutureTask.java:317)
	at java.base/java.util.concurrent.ThreadPoolExecutor.runWorker(ThreadPoolExecutor.java:1144)
	at java.base/java.util.concurrent.ThreadPoolExecutor$Worker.run(ThreadPoolExecutor.java:642)
	at java.base/java.lang.Thread.run(Thread.java:1583)
... Removed 19 stack frames</div></td></tr></table><p class="totop"><a href="#summary">back to summary</a></p>
<h3 id="m4">kaushalBhalgamiaAcademy.Tests.ErrorValidationTest#invalidProductValidation</h3><table class="result"><tr><th>Exception</th></tr><tr><td><div class="stacktrace">java.lang.RuntimeException: Browser is not supported or spelled incorrectly: $Browser Name
	at kaushalBhalgamiaAcademy.TestComponents.BaseTest.initializeDriver(BaseTest.java:58)
	at kaushalBhalgamiaAcademy.TestComponents.BaseTest.launchApplication(BaseTest.java:67)
	at java.base/java.util.ArrayList.forEach(ArrayList.java:1596)
	at java.base/java.util.concurrent.FutureTask.run(FutureTask.java:317)
	at java.base/java.util.concurrent.ThreadPoolExecutor.runWorker(ThreadPoolExecutor.java:1144)
	at java.base/java.util.concurrent.ThreadPoolExecutor$Worker.run(ThreadPoolExecutor.java:642)
	at java.base/java.lang.Thread.run(Thread.java:1583)
... Removed 19 stack frames</div></td></tr></table><p class="totop"><a href="#summary">back to summary</a></p>
<h3 id="m5">kaushalBhalgamiaAcademy.Tests.ErrorValidationTest#loginInvalidPasswordValidation</h3><table class="result"><tr><th>Exception</th></tr><tr><td><div class="stacktrace">java.lang.NullPointerException: Cannot invoke &quot;org.openqa.selenium.WebDriver.close()&quot; because &quot;this.driver&quot; is null
	at kaushalBhalgamiaAcademy.TestComponents.BaseTest.closeBrowser(BaseTest.java:75)
	at java.base/java.util.ArrayList.forEach(ArrayList.java:1596)
	at java.base/java.util.concurrent.FutureTask.run(FutureTask.java:317)
	at java.base/java.util.concurrent.ThreadPoolExecutor.runWorker(ThreadPoolExecutor.java:1144)
	at java.base/java.util.concurrent.ThreadPoolExecutor$Worker.run(ThreadPoolExecutor.java:642)
	at java.base/java.lang.Thread.run(Thread.java:1583)
... Removed 20 stack frames</div></td></tr></table><p class="totop"><a href="#summary">back to summary</a></p>
<h2>Positive Test Cases</h2><h3 id="m6">kaushalBhalgamiaAcademy.Tests.standAloneTest#closeBrowser</h3><table class="result"><tr><th>Exception</th></tr><tr><td><div class="stacktrace">java.lang.NullPointerException: Cannot invoke &quot;org.openqa.selenium.WebDriver.close()&quot; because &quot;this.driver&quot; is null
	at kaushalBhalgamiaAcademy.TestComponents.BaseTest.closeBrowser(BaseTest.java:75)
	at java.base/java.util.ArrayList.forEach(ArrayList.java:1596)
	at java.base/java.util.concurrent.FutureTask.run(FutureTask.java:317)
	at java.base/java.util.concurrent.ThreadPoolExecutor.runWorker(ThreadPoolExecutor.java:1144)
	at java.base/java.util.concurrent.ThreadPoolExecutor$Worker.run(ThreadPoolExecutor.java:642)
	at java.base/java.lang.Thread.run(Thread.java:1583)
... Removed 20 stack frames</div></td></tr></table><p class="totop"><a href="#summary">back to summary</a></p>
<h3 id="m7">kaushalBhalgamiaAcademy.Tests.standAloneTest#closeBrowser</h3><table class="result"><tr><th>Exception</th></tr><tr><td><div class="stacktrace">java.lang.NullPointerException: Cannot invoke &quot;org.openqa.selenium.WebDriver.close()&quot; because &quot;this.driver&quot; is null
	at kaushalBhalgamiaAcademy.TestComponents.BaseTest.closeBrowser(BaseTest.java:75)
	at java.base/java.util.ArrayList.forEach(ArrayList.java:1596)
	at java.base/java.util.concurrent.FutureTask.run(FutureTask.java:317)
	at java.base/java.util.concurrent.ThreadPoolExecutor.runWorker(ThreadPoolExecutor.java:1144)
	at java.base/java.util.concurrent.ThreadPoolExecutor$Worker.run(ThreadPoolExecutor.java:642)
	at java.base/java.lang.Thread.run(Thread.java:1583)
... Removed 20 stack frames</div></td></tr></table><p class="totop"><a href="#summary">back to summary</a></p>
<h3 id="m8">kaushalBhalgamiaAcademy.Tests.standAloneTest#launchApplication</h3><table class="result"><tr><th>Exception</th></tr><tr><td><div class="stacktrace">java.lang.RuntimeException: Browser is not supported or spelled incorrectly: $Browser Name
	at kaushalBhalgamiaAcademy.TestComponents.BaseTest.initializeDriver(BaseTest.java:58)
	at kaushalBhalgamiaAcademy.TestComponents.BaseTest.launchApplication(BaseTest.java:67)
	at java.base/java.util.ArrayList.forEach(ArrayList.java:1596)
	at java.base/java.util.concurrent.FutureTask.run(FutureTask.java:317)
	at java.base/java.util.concurrent.ThreadPoolExecutor.runWorker(ThreadPoolExecutor.java:1144)
	at java.base/java.util.concurrent.ThreadPoolExecutor$Worker.run(ThreadPoolExecutor.java:642)
	at java.base/java.lang.Thread.run(Thread.java:1583)
... Removed 19 stack frames</div></td></tr></table><p class="totop"><a href="#summary">back to summary</a></p>
<h3 id="m9">kaushalBhalgamiaAcademy.Tests.standAloneTest#launchApplication</h3><table class="result"><tr><th>Exception</th></tr><tr><td><div class="stacktrace">java.lang.RuntimeException: Browser is not supported or spelled incorrectly: $Browser Name
	at kaushalBhalgamiaAcademy.TestComponents.BaseTest.initializeDriver(BaseTest.java:58)
	at kaushalBhalgamiaAcademy.TestComponents.BaseTest.launchApplication(BaseTest.java:67)
	at java.base/java.util.ArrayList.forEach(ArrayList.java:1596)
	at java.base/java.util.concurrent.FutureTask.run(FutureTask.java:317)
	at java.base/java.util.concurrent.ThreadPoolExecutor.runWorker(ThreadPoolExecutor.java:1144)
	at java.base/java.util.concurrent.ThreadPoolExecutor$Worker.run(ThreadPoolExecutor.java:642)
	at java.base/java.lang.Thread.run(Thread.java:1583)
... Removed 19 stack frames</div></td></tr></table><p class="totop"><a href="#summary">back to summary</a></p>
<h3 id="m10">kaushalBhalgamiaAcademy.Tests.standAloneTest#submitOrder</h3><table class="result"><tr class="param"><th>Parameter #1</th></tr><tr class="param stripe"><td>{requiredProduct=ZARA COAT 3, password=Abcd@12345, email=kaushal@yopmail.com}</td></tr><tr><th>Exception</th></tr><tr><td><div class="stacktrace">java.lang.RuntimeException: Browser is not supported or spelled incorrectly: $Browser Name
	at kaushalBhalgamiaAcademy.TestComponents.BaseTest.initializeDriver(BaseTest.java:58)
	at kaushalBhalgamiaAcademy.TestComponents.BaseTest.launchApplication(BaseTest.java:67)
	at java.base/java.util.ArrayList.forEach(ArrayList.java:1596)
	at java.base/java.util.concurrent.FutureTask.run(FutureTask.java:317)
	at java.base/java.util.concurrent.ThreadPoolExecutor.runWorker(ThreadPoolExecutor.java:1144)
	at java.base/java.util.concurrent.ThreadPoolExecutor$Worker.run(ThreadPoolExecutor.java:642)
	at java.base/java.lang.Thread.run(Thread.java:1583)
... Removed 19 stack frames</div></td></tr></table><p class="totop"><a href="#summary">back to summary</a></p>
<h3 id="m11">kaushalBhalgamiaAcademy.Tests.standAloneTest#submitOrder</h3><table class="result"><tr class="param"><th>Parameter #1</th></tr><tr class="param stripe"><td>{requiredProduct=IPHONE 13 PRO, password=Abcd@12345, email=hemali@yopmail.com}</td></tr><tr><th>Exception</th></tr><tr><td><div class="stacktrace">java.lang.RuntimeException: Browser is not supported or spelled incorrectly: $Browser Name
	at kaushalBhalgamiaAcademy.TestComponents.BaseTest.initializeDriver(BaseTest.java:58)
	at kaushalBhalgamiaAcademy.TestComponents.BaseTest.launchApplication(BaseTest.java:67)
	at java.base/java.util.ArrayList.forEach(ArrayList.java:1596)
	at java.base/java.util.concurrent.FutureTask.run(FutureTask.java:317)
	at java.base/java.util.concurrent.ThreadPoolExecutor.runWorker(ThreadPoolExecutor.java:1144)
	at java.base/java.util.concurrent.ThreadPoolExecutor$Worker.run(ThreadPoolExecutor.java:642)
	at java.base/java.lang.Thread.run(Thread.java:1583)
... Removed 19 stack frames</div></td></tr></table><p class="totop"><a href="#summary">back to summary</a></p>
<h3 id="m12">kaushalBhalgamiaAcademy.Tests.standAloneTest#verifyOrderPlaced</h3><table class="result"><tr><th>Exception</th></tr><tr><td><div class="stacktrace">java.lang.Throwable: Method kaushalBhalgamiaAcademy.Tests.standAloneTest.verifyOrderPlaced() on instance kaushalBhalgamiaAcademy.Tests.standAloneTest@7068e664 depends on not successfully finished methods 
[kaushalBhalgamiaAcademy.Tests.standAloneTest.submitOrder() on instance kaushalBhalgamiaAcademy.Tests.standAloneTest@7068e664]
	at java.base/java.util.ArrayList.forEach(ArrayList.java:1596)
	at java.base/java.util.concurrent.FutureTask.run(FutureTask.java:317)
	at java.base/java.util.concurrent.ThreadPoolExecutor.runWorker(ThreadPoolExecutor.java:1144)
	at java.base/java.util.concurrent.ThreadPoolExecutor$Worker.run(ThreadPoolExecutor.java:642)
	at java.base/java.lang.Thread.run(Thread.java:1583)
... Removed 8 stack frames</div></td></tr></table><p class="totop"><a href="#summary">back to summary</a></p>
</body>
</html>
