<?xml version="1.0" encoding="UTF-8"?>
<!-- Generated by org.testng.reporters.JUnitReportReporter -->
<testsuite hostname="DESKTOP-O56PHRM" failures="0" tests="4" name="kaushalBhalgamiaAcademy.Tests.standAloneTest" time="44.364" errors="0" timestamp="2025-12-30T11:24:25 IST" skipped="0">
  <testcase classname="kaushalBhalgamiaAcademy.Tests.standAloneTest" name="verifyOrderPlaced" time="4.224"/>
  <testcase classname="kaushalBhalgamiaAcademy.Tests.standAloneTest" name="submitOrder" time="24.787"/>
  <testcase classname="kaushalBhalgamiaAcademy.Tests.standAloneTest" name="submitOrder" time="12.439"/>
  <testcase classname="kaushalBhalgamiaAcademy.Tests.standAloneTest" name="verifyOrderPlaced" time="2.914"/>
</testsuite> <!-- kaushalBhalgamiaAcademy.Tests.standAloneTest -->
